<?xml version="1.0" encoding="UTF-8"?>
<testng-results ignored="0" total="2" passed="0" failed="2" skipped="0">
  <reporter-output>
  </reporter-output>
  <suite started-at="2024-01-03T21:27:16 IST" name="Suite" finished-at="2024-01-03T21:27:25 IST" duration-ms="8978">
    <groups>
    </groups>
    <test started-at="2024-01-03T21:27:16 IST" name="Test" finished-at="2024-01-03T21:27:25 IST" duration-ms="8978">
      <class name="TestLayer.GeneralDetailsRegTest">
        <test-method is-config="true" signature="setUp(java.lang.String)[pri:0, instance:TestLayer.GeneralDetailsRegTest@506ae4d4]" started-at="2024-01-03T21:27:17 IST" name="setUp" finished-at="2024-01-03T21:27:21 IST" duration-ms="4411" status="PASS">
          <params>
            <param index="0">
              <value>
                <![CDATA[chrome]]>
              </value>
            </param>
          </params>
          <reporter-output>
          </reporter-output>
        </test-method> <!-- setUp -->
        <test-method signature="EnterGeneralDetails(java.lang.String,java.lang.String,java.lang.String,java.lang.String,java.lang.String,java.lang.String,java.lang.String,java.lang.String,java.lang.String,java.lang.String,java.lang.String,java.lang.String,java.lang.String)[pri:0, instance:TestLayer.GeneralDetailsRegTest@506ae4d4]" started-at="2024-01-03T21:27:21 IST" name="EnterGeneralDetails" data-provider="registerData" finished-at="2024-01-03T21:27:21 IST" duration-ms="330" status="FAIL">
          <params>
            <param index="0">
              <value>
                <![CDATA[Ms.]]>
              </value>
            </param>
            <param index="1">
              <value>
                <![CDATA[Harshada]]>
              </value>
            </param>
            <param index="2">
              <value>
                <![CDATA[Barawkar]]>
              </value>
            </param>
            <param index="3">
              <value>
                <![CDATA[Kedgaon]]>
              </value>
            </param>
            <param index="4">
              <value>
                <![CDATA[daund ]]>
              </value>
            </param>
            <param index="5">
              <value>
                <![CDATA[Pune]]>
              </value>
            </param>
            <param index="6">
              <value>
                <![CDATA[India]]>
              </value>
            </param>
            <param index="7">
              <value>
                <![CDATA[MAHARASHTRA]]>
              </value>
            </param>
            <param index="8">
              <value>
                <![CDATA[]]>
              </value>
            </param>
            <param index="9">
              <value>
                <![CDATA[412203]]>
              </value>
            </param>
            <param index="10">
              <value>
                <![CDATA[harshada@gmail.com]]>
              </value>
            </param>
            <param index="11">
              <value>
                <![CDATA[123023]]>
              </value>
            </param>
            <param index="12">
              <value>
                <![CDATA[12345612344]]>
              </value>
            </param>
          </params>
          <exception class="java.lang.NoClassDefFoundError">
            <message>
              <![CDATA[UtilityLayer/UtilsClass (wrong name: UtilityLayer/utilsClass)]]>
            </message>
            <full-stacktrace>
              <![CDATA[java.lang.NoClassDefFoundError: UtilityLayer/UtilsClass (wrong name: UtilityLayer/utilsClass)
at java.base/java.lang.ClassLoader.defineClass1(Native Method)
at java.base/java.lang.ClassLoader.defineClass(ClassLoader.java:1017)
at java.base/java.security.SecureClassLoader.defineClass(SecureClassLoader.java:150)
at java.base/jdk.internal.loader.BuiltinClassLoader.defineClass(BuiltinClassLoader.java:862)
at java.base/jdk.internal.loader.BuiltinClassLoader.findClassOnClassPathOrNull(BuiltinClassLoader.java:760)
at java.base/jdk.internal.loader.BuiltinClassLoader.loadClassOrNull(BuiltinClassLoader.java:681)
at java.base/jdk.internal.loader.BuiltinClassLoader.loadClass(BuiltinClassLoader.java:639)
at java.base/jdk.internal.loader.ClassLoaders$AppClassLoader.loadClass(ClassLoaders.java:188)
at java.base/java.lang.ClassLoader.loadClass(ClassLoader.java:525)
at PageLayer.GeneralDetailsRegistrationPage.EnterGeneralDetails(GeneralDetailsRegistrationPage.java:74)
at TestLayer.GeneralDetailsRegTest.EnterGeneralDetails(GeneralDetailsRegTest.java:41)
at java.base/jdk.internal.reflect.NativeMethodAccessorImpl.invoke0(Native Method)
at java.base/jdk.internal.reflect.NativeMethodAccessorImpl.invoke(NativeMethodAccessorImpl.java:77)
at java.base/jdk.internal.reflect.DelegatingMethodAccessorImpl.invoke(DelegatingMethodAccessorImpl.java:43)
at java.base/java.lang.reflect.Method.invoke(Method.java:568)
at org.testng.internal.MethodInvocationHelper.invokeMethod(MethodInvocationHelper.java:133)
at org.testng.internal.TestInvoker.invokeMethod(TestInvoker.java:598)
at org.testng.internal.TestInvoker.invokeTestMethod(TestInvoker.java:173)
at org.testng.internal.MethodRunner.runInSequence(MethodRunner.java:46)
at org.testng.internal.TestInvoker$MethodInvocationAgent.invoke(TestInvoker.java:824)
at org.testng.internal.TestInvoker.invokeTestMethods(TestInvoker.java:146)
at org.testng.internal.TestMethodWorker.invokeTestMethods(TestMethodWorker.java:146)
at org.testng.internal.TestMethodWorker.run(TestMethodWorker.java:128)
at java.base/java.util.ArrayList.forEach(ArrayList.java:1511)
at org.testng.TestRunner.privateRun(TestRunner.java:794)
at org.testng.TestRunner.run(TestRunner.java:596)
at org.testng.SuiteRunner.runTest(SuiteRunner.java:377)
at org.testng.SuiteRunner.runSequentially(SuiteRunner.java:371)
at org.testng.SuiteRunner.privateRun(SuiteRunner.java:332)
at org.testng.SuiteRunner.run(SuiteRunner.java:276)
at org.testng.SuiteRunnerWorker.runSuite(SuiteRunnerWorker.java:53)
at org.testng.SuiteRunnerWorker.run(SuiteRunnerWorker.java:96)
at org.testng.TestNG.runSuitesSequentially(TestNG.java:1212)
at org.testng.TestNG.runSuitesLocally(TestNG.java:1134)
at org.testng.TestNG.runSuites(TestNG.java:1063)
at org.testng.TestNG.run(TestNG.java:1031)
at org.testng.remote.AbstractRemoteTestNG.run(AbstractRemoteTestNG.java:115)
at org.testng.remote.RemoteTestNG.initAndRun(RemoteTestNG.java:251)
at org.testng.remote.RemoteTestNG.main(RemoteTestNG.java:77)
]]>
            </full-stacktrace>
          </exception> <!-- java.lang.NoClassDefFoundError -->
          <reporter-output>
          </reporter-output>
        </test-method> <!-- EnterGeneralDetails -->
        <test-method is-config="true" signature="tearDown()[pri:0, instance:TestLayer.GeneralDetailsRegTest@506ae4d4]" started-at="2024-01-03T21:27:21 IST" name="tearDown" finished-at="2024-01-03T21:27:22 IST" duration-ms="246" status="PASS">
          <reporter-output>
          </reporter-output>
        </test-method> <!-- tearDown -->
        <test-method is-config="true" signature="setUp(java.lang.String)[pri:0, instance:TestLayer.GeneralDetailsRegTest@506ae4d4]" started-at="2024-01-03T21:27:22 IST" name="setUp" finished-at="2024-01-03T21:27:24 IST" duration-ms="2563" status="PASS">
          <params>
            <param index="0">
              <value>
                <![CDATA[chrome]]>
              </value>
            </param>
          </params>
          <reporter-output>
          </reporter-output>
        </test-method> <!-- setUp -->
        <test-method signature="EnterGeneralDetails(java.lang.String,java.lang.String,java.lang.String,java.lang.String,java.lang.String,java.lang.String,java.lang.String,java.lang.String,java.lang.String,java.lang.String,java.lang.String,java.lang.String,java.lang.String)[pri:0, instance:TestLayer.GeneralDetailsRegTest@506ae4d4]" started-at="2024-01-03T21:27:24 IST" name="EnterGeneralDetails" data-provider="registerData" finished-at="2024-01-03T21:27:24 IST" duration-ms="239" status="FAIL">
          <params>
            <param index="0">
              <value>
                <![CDATA[Mr.]]>
              </value>
            </param>
            <param index="1">
              <value>
                <![CDATA[Adi]]>
              </value>
            </param>
            <param index="2">
              <value>
                <![CDATA[Barawkar]]>
              </value>
            </param>
            <param index="3">
              <value>
                <![CDATA[Kedgaon]]>
              </value>
            </param>
            <param index="4">
              <value>
                <![CDATA[daund ]]>
              </value>
            </param>
            <param index="5">
              <value>
                <![CDATA[Pune]]>
              </value>
            </param>
            <param index="6">
              <value>
                <![CDATA[India]]>
              </value>
            </param>
            <param index="7">
              <value>
                <![CDATA[MAHARASHTRA]]>
              </value>
            </param>
            <param index="8">
              <value>
                <![CDATA[]]>
              </value>
            </param>
            <param index="9">
              <value>
                <![CDATA[121212]]>
              </value>
            </param>
            <param index="10">
              <value>
                <![CDATA[adi@gmail.com]]>
              </value>
            </param>
            <param index="11">
              <value>
                <![CDATA[77565543]]>
              </value>
            </param>
            <param index="12">
              <value>
                <![CDATA[1234567898]]>
              </value>
            </param>
          </params>
          <exception class="java.lang.NoClassDefFoundError">
            <message>
              <![CDATA[UtilityLayer/UtilsClass (wrong name: UtilityLayer/utilsClass)]]>
            </message>
            <full-stacktrace>
              <![CDATA[java.lang.NoClassDefFoundError: UtilityLayer/UtilsClass (wrong name: UtilityLayer/utilsClass)
at PageLayer.GeneralDetailsRegistrationPage.EnterGeneralDetails(GeneralDetailsRegistrationPage.java:74)
at TestLayer.GeneralDetailsRegTest.EnterGeneralDetails(GeneralDetailsRegTest.java:41)
at java.base/jdk.internal.reflect.NativeMethodAccessorImpl.invoke0(Native Method)
at java.base/jdk.internal.reflect.NativeMethodAccessorImpl.invoke(NativeMethodAccessorImpl.java:77)
at java.base/jdk.internal.reflect.DelegatingMethodAccessorImpl.invoke(DelegatingMethodAccessorImpl.java:43)
at java.base/java.lang.reflect.Method.invoke(Method.java:568)
at org.testng.internal.MethodInvocationHelper.invokeMethod(MethodInvocationHelper.java:133)
at org.testng.internal.TestInvoker.invokeMethod(TestInvoker.java:598)
at org.testng.internal.TestInvoker.invokeTestMethod(TestInvoker.java:173)
at org.testng.internal.MethodRunner.runInSequence(MethodRunner.java:46)
at org.testng.internal.TestInvoker$MethodInvocationAgent.invoke(TestInvoker.java:824)
at org.testng.internal.TestInvoker.invokeTestMethods(TestInvoker.java:146)
at org.testng.internal.TestMethodWorker.invokeTestMethods(TestMethodWorker.java:146)
at org.testng.internal.TestMethodWorker.run(TestMethodWorker.java:128)
at java.base/java.util.ArrayList.forEach(ArrayList.java:1511)
at org.testng.TestRunner.privateRun(TestRunner.java:794)
at org.testng.TestRunner.run(TestRunner.java:596)
at org.testng.SuiteRunner.runTest(SuiteRunner.java:377)
at org.testng.SuiteRunner.runSequentially(SuiteRunner.java:371)
at org.testng.SuiteRunner.privateRun(SuiteRunner.java:332)
at org.testng.SuiteRunner.run(SuiteRunner.java:276)
at org.testng.SuiteRunnerWorker.runSuite(SuiteRunnerWorker.java:53)
at org.testng.SuiteRunnerWorker.run(SuiteRunnerWorker.java:96)
at org.testng.TestNG.runSuitesSequentially(TestNG.java:1212)
at org.testng.TestNG.runSuitesLocally(TestNG.java:1134)
at org.testng.TestNG.runSuites(TestNG.java:1063)
at org.testng.TestNG.run(TestNG.java:1031)
at org.testng.remote.AbstractRemoteTestNG.run(AbstractRemoteTestNG.java:115)
at org.testng.remote.RemoteTestNG.initAndRun(RemoteTestNG.java:251)
at org.testng.remote.RemoteTestNG.main(RemoteTestNG.java:77)
]]>
            </full-stacktrace>
          </exception> <!-- java.lang.NoClassDefFoundError -->
          <reporter-output>
          </reporter-output>
        </test-method> <!-- EnterGeneralDetails -->
        <test-method is-config="true" signature="tearDown()[pri:0, instance:TestLayer.GeneralDetailsRegTest@506ae4d4]" started-at="2024-01-03T21:27:24 IST" name="tearDown" finished-at="2024-01-03T21:27:25 IST" duration-ms="217" status="PASS">
          <reporter-output>
          </reporter-output>
        </test-method> <!-- tearDown -->
      </class> <!-- TestLayer.GeneralDetailsRegTest -->
    </test> <!-- Test -->
  </suite> <!-- Suite -->
</testng-results>
